#
# There is insufficient memory for the Java Runtime Environment to continue.
# Native memory allocation (malloc) failed to allocate 32784 bytes for Chunk::new
# Possible reasons:
#   The system is out of physical RAM or swap space
#   In 32 bit mode, the process size limit was hit
# Possible solutions:
#   Reduce memory load on the system
#   Increase physical memory or swap space
#   Check if swap backing store is full
#   Use 64 bit Java on a 64 bit OS
#   Decrease Java heap size (-Xmx/-Xms)
#   Decrease number of Java threads
#   Decrease Java thread stack sizes (-Xss)
#   Set larger code cache with -XX:ReservedCodeCacheSize=
# This output file may be truncated or incomplete.
#
#  Out of Memory Error (allocation.cpp:390), pid=3812, tid=0x0000000000004604
#
# JRE version: Java(TM) SE Runtime Environment (8.0_181-b13) (build 1.8.0_181-b13)
# Java VM: Java HotSpot(TM) 64-Bit Server VM (25.181-b13 mixed mode windows-amd64 compressed oops)
# Failed to write core dump. Minidumps are not enabled by default on client versions of Windows
#

---------------  T H R E A D  ---------------

Current thread (0x0000000015892000):  JavaThread "C2 CompilerThread0" daemon [_thread_in_native, id=17924, stack(0x0000000016f00000,0x0000000017000000)]

Stack: [0x0000000016f00000,0x0000000017000000]
[error occurred during error reporting (printing stack bounds), id 0xc0000005]

Native frames: (J=compiled Java code, j=interpreted, Vv=VM code, C=native code)


Current CompileTask:
C2:   4276 2108   !   4       com.android.dx.cf.code.RopperMachine::run (1608 bytes)


---------------  P R O C E S S  ---------------

Java Threads: ( => current thread )
  0x0000000017565000 JavaThread "pool-2-thread-1" [_thread_blocked, id=5284, stack(0x0000000017a60000,0x0000000017b60000)]
  0x0000000017564000 JavaThread "pool-1-thread-1" [_thread_blocked, id=8304, stack(0x0000000017960000,0x0000000017a60000)]
  0x0000000017230800 JavaThread "Service Thread" daemon [_thread_blocked, id=7040, stack(0x0000000017600000,0x0000000017700000)]
  0x00000000158a1000 JavaThread "C1 CompilerThread2" daemon [_thread_blocked, id=8432, stack(0x0000000017100000,0x0000000017200000)]
  0x0000000015899000 JavaThread "C2 CompilerThread1" daemon [_thread_in_native, id=11100, stack(0x0000000017000000,0x0000000017100000)]
=>0x0000000015892000 JavaThread "C2 CompilerThread0" daemon [_thread_in_native, id=17924, stack(0x0000000016f00000,0x0000000017000000)]
  0x0000000015890000 JavaThread "Attach Listener" daemon [_thread_blocked, id=16888, stack(0x0000000016e00000,0x0000000016f00000)]
  0x000000001588f000 JavaThread "Signal Dispatcher" daemon [_thread_blocked, id=10896, stack(0x0000000016d00000,0x0000000016e00000)]
  0x00000000031be000 JavaThread "Finalizer" daemon [_thread_blocked, id=10476, stack(0x0000000016af0000,0x0000000016bf0000)]
  0x00000000031b2800 JavaThread "Reference Handler" daemon [_thread_blocked, id=1260, stack(0x00000000169f0000,0x0000000016af0000)]
  0x00000000030c2800 JavaThread "main" [_thread_in_Java, id=18156, stack(0x0000000002fc0000,0x00000000030c0000)]

Other Threads:
  0x0000000015858000 VMThread [stack: 0x00000000168f0000,0x00000000169f0000] [id=14996]
  0x00000000158ee000 WatcherThread [stack: 0x0000000017860000,0x0000000017960000] [id=7924]

VM state:not at safepoint (normal execution)

VM Mutex/Monitor currently owned by a thread: None

Heap:
 PSYoungGen      total 204800K, used 61468K [0x00000000eab00000, 0x0000000100000000, 0x0000000100000000)
  eden space 196608K, 27% used [0x00000000eab00000,0x00000000edf0f318,0x00000000f6b00000)
  from space 8192K, 99% used [0x00000000f6b00000,0x00000000f72f8010,0x00000000f7300000)
  to   space 46080K, 0% used [0x00000000fd300000,0x00000000fd300000,0x0000000100000000)
 ParOldGen       total 131072K, used 78503K [0x00000000c0000000, 0x00000000c8000000, 0x00000000eab00000)
  object space 131072K, 59% used [0x00000000c0000000,0x00000000c4ca9e48,0x00000000c8000000)
 Metaspace       used 6812K, capacity 7384K, committed 7680K, reserved 1056768K
  class space    used 649K, capacity 656K, committed 768K, reserved 1048576K

Card table byte_map: [0x0000000012580000,0x0000000012790000] byte_map_base: 0x0000000011f80000

Marking Bits: (ParMarkBitMap*) 0x00000000706e2d00
 Begin Bits: [0x0000000012cf0000, 0x0000000013cf0000)
 End Bits:   [0x0000000013cf0000, 0x0000000014cf0000)

Polling page: 0x00000000015c0000

CodeCache: size=245760Kb used=9905Kb max_used=9906Kb free=235854Kb
 bounds [0x00000000031c0000, 0x0000000003b80000, 0x00000000121c0000]
 total_blobs=2436 nmethods=2160 adapters=188
 compilation: enabled

Compilation events (10 events):
Event: 4.260 Thread 0x00000000158a1000 2244   !   3       com.android.dx.dex.cf.CfTranslator::processFields (251 bytes)
Event: 4.262 Thread 0x00000000158a1000 nmethod 2244 0x0000000003b5f2d0 code [0x0000000003b5f720, 0x0000000003b621a8]
Event: 4.262 Thread 0x00000000158a1000 2245       2       java.util.BitSet::nextClearBit (116 bytes)
Event: 4.263 Thread 0x00000000158a1000 nmethod 2245 0x0000000003b4f710 code [0x0000000003b4f8e0, 0x0000000003b4fe38]
Event: 4.265 Thread 0x00000000158a1000 2246       2       com.android.dx.cf.direct.StdAttributeFactory::runtimeInvisibleAnnotations (44 bytes)
Event: 4.265 Thread 0x00000000158a1000 nmethod 2246 0x0000000003b1b4d0 code [0x0000000003b1b660, 0x0000000003b1b9d8]
Event: 4.270 Thread 0x00000000158a1000 2247 %     3       com.android.dx.cf.code.BaseMachine::storeResults @ 54 (90 bytes)
Event: 4.271 Thread 0x00000000158a1000 nmethod 2247% 0x0000000003b4ba10 code [0x0000000003b4bc20, 0x0000000003b4c748]
Event: 4.272 Thread 0x00000000158a1000 2248       2       com.android.dx.cf.code.Simulator::checkInvokeInterfaceSupported (229 bytes)
Event: 4.273 Thread 0x00000000158a1000 nmethod 2248 0x0000000003b5d750 code [0x0000000003b5d9e0, 0x0000000003b5e658]

GC Heap History (10 events):
Event: 1.073 GC heap before
{Heap before GC invocations=1 (full 0):
 PSYoungGen      total 57344K, used 49152K [0x00000000eab00000, 0x00000000eeb00000, 0x0000000100000000)
  eden space 49152K, 100% used [0x00000000eab00000,0x00000000edb00000,0x00000000edb00000)
  from space 8192K, 0% used [0x00000000ee300000,0x00000000ee300000,0x00000000eeb00000)
  to   space 8192K, 0% used [0x00000000edb00000,0x00000000edb00000,0x00000000ee300000)
 ParOldGen       total 131072K, used 0K [0x00000000c0000000, 0x00000000c8000000, 0x00000000eab00000)
  object space 131072K, 0% used [0x00000000c0000000,0x00000000c0000000,0x00000000c8000000)
 Metaspace       used 6301K, capacity 7128K, committed 7424K, reserved 1056768K
  class space    used 611K, capacity 656K, committed 768K, reserved 1048576K
Event: 1.087 GC heap after
Heap after GC invocations=1 (full 0):
 PSYoungGen      total 57344K, used 8162K [0x00000000eab00000, 0x00000000f1b00000, 0x0000000100000000)
  eden space 49152K, 0% used [0x00000000eab00000,0x00000000eab00000,0x00000000edb00000)
  from space 8192K, 99% used [0x00000000edb00000,0x00000000ee2f89a0,0x00000000ee300000)
  to   space 8192K, 0% used [0x00000000f1300000,0x00000000f1300000,0x00000000f1b00000)
 ParOldGen       total 131072K, used 818K [0x00000000c0000000, 0x00000000c8000000, 0x00000000eab00000)
  object space 131072K, 0% used [0x00000000c0000000,0x00000000c00cc838,0x00000000c8000000)
 Metaspace       used 6301K, capacity 7128K, committed 7424K, reserved 1056768K
  class space    used 611K, capacity 656K, committed 768K, reserved 1048576K
}
Event: 1.377 GC heap before
{Heap before GC invocations=2 (full 0):
 PSYoungGen      total 57344K, used 57314K [0x00000000eab00000, 0x00000000f1b00000, 0x0000000100000000)
  eden space 49152K, 100% used [0x00000000eab00000,0x00000000edb00000,0x00000000edb00000)
  from space 8192K, 99% used [0x00000000edb00000,0x00000000ee2f89a0,0x00000000ee300000)
  to   space 8192K, 0% used [0x00000000f1300000,0x00000000f1300000,0x00000000f1b00000)
 ParOldGen       total 131072K, used 818K [0x00000000c0000000, 0x00000000c8000000, 0x00000000eab00000)
  object space 131072K, 0% used [0x00000000c0000000,0x00000000c00cc838,0x00000000c8000000)
 Metaspace       used 6380K, capacity 7128K, committed 7424K, reserved 1056768K
  class space    used 611K, capacity 656K, committed 768K, reserved 1048576K
Event: 1.402 GC heap after
Heap after GC invocations=2 (full 0):
 PSYoungGen      total 106496K, used 8179K [0x00000000eab00000, 0x00000000f1b00000, 0x0000000100000000)
  eden space 98304K, 0% used [0x00000000eab00000,0x00000000eab00000,0x00000000f0b00000)
  from space 8192K, 99% used [0x00000000f1300000,0x00000000f1afcea0,0x00000000f1b00000)
  to   space 8192K, 0% used [0x00000000f0b00000,0x00000000f0b00000,0x00000000f1300000)
 ParOldGen       total 131072K, used 7130K [0x00000000c0000000, 0x00000000c8000000, 0x00000000eab00000)
  object space 131072K, 5% used [0x00000000c0000000,0x00000000c06f6838,0x00000000c8000000)
 Metaspace       used 6380K, capacity 7128K, committed 7424K, reserved 1056768K
  class space    used 611K, capacity 656K, committed 768K, reserved 1048576K
}
Event: 1.885 GC heap before
{Heap before GC invocations=3 (full 0):
 PSYoungGen      total 106496K, used 106483K [0x00000000eab00000, 0x00000000f1b00000, 0x0000000100000000)
  eden space 98304K, 100% used [0x00000000eab00000,0x00000000f0b00000,0x00000000f0b00000)
  from space 8192K, 99% used [0x00000000f1300000,0x00000000f1afcea0,0x00000000f1b00000)
  to   space 8192K, 0% used [0x00000000f0b00000,0x00000000f0b00000,0x00000000f1300000)
 ParOldGen       total 131072K, used 7130K [0x00000000c0000000, 0x00000000c8000000, 0x00000000eab00000)
  object space 131072K, 5% used [0x00000000c0000000,0x00000000c06f6838,0x00000000c8000000)
 Metaspace       used 6478K, capacity 7192K, committed 7424K, reserved 1056768K
  class space    used 615K, capacity 656K, committed 768K, reserved 1048576K
Event: 1.921 GC heap after
Heap after GC invocations=3 (full 0):
 PSYoungGen      total 106496K, used 8169K [0x00000000eab00000, 0x00000000f7b00000, 0x0000000100000000)
  eden space 98304K, 0% used [0x00000000eab00000,0x00000000eab00000,0x00000000f0b00000)
  from space 8192K, 99% used [0x00000000f0b00000,0x00000000f12fa4a0,0x00000000f1300000)
  to   space 8192K, 0% used [0x00000000f7300000,0x00000000f7300000,0x00000000f7b00000)
 ParOldGen       total 131072K, used 27798K [0x00000000c0000000, 0x00000000c8000000, 0x00000000eab00000)
  object space 131072K, 21% used [0x00000000c0000000,0x00000000c1b25ad0,0x00000000c8000000)
 Metaspace       used 6478K, capacity 7192K, committed 7424K, reserved 1056768K
  class space    used 615K, capacity 656K, committed 768K, reserved 1048576K
}
Event: 2.305 GC heap before
{Heap before GC invocations=4 (full 0):
 PSYoungGen      total 106496K, used 106473K [0x00000000eab00000, 0x00000000f7b00000, 0x0000000100000000)
  eden space 98304K, 100% used [0x00000000eab00000,0x00000000f0b00000,0x00000000f0b00000)
  from space 8192K, 99% used [0x00000000f0b00000,0x00000000f12fa4a0,0x00000000f1300000)
  to   space 8192K, 0% used [0x00000000f7300000,0x00000000f7300000,0x00000000f7b00000)
 ParOldGen       total 131072K, used 27798K [0x00000000c0000000, 0x00000000c8000000, 0x00000000eab00000)
  object space 131072K, 21% used [0x00000000c0000000,0x00000000c1b25ad0,0x00000000c8000000)
 Metaspace       used 6530K, capacity 7256K, committed 7424K, reserved 1056768K
  class space    used 615K, capacity 656K, committed 768K, reserved 1048576K
Event: 2.369 GC heap after
Heap after GC invocations=4 (full 0):
 PSYoungGen      total 204800K, used 8168K [0x00000000eab00000, 0x00000000f7b00000, 0x0000000100000000)
  eden space 196608K, 0% used [0x00000000eab00000,0x00000000eab00000,0x00000000f6b00000)
  from space 8192K, 99% used [0x00000000f7300000,0x00000000f7afa2c0,0x00000000f7b00000)
  to   space 8192K, 0% used [0x00000000f6b00000,0x00000000f6b00000,0x00000000f7300000)
 ParOldGen       total 131072K, used 49062K [0x00000000c0000000, 0x00000000c8000000, 0x00000000eab00000)
  object space 131072K, 37% used [0x00000000c0000000,0x00000000c2fe9928,0x00000000c8000000)
 Metaspace       used 6530K, capacity 7256K, committed 7424K, reserved 1056768K
  class space    used 615K, capacity 656K, committed 768K, reserved 1048576K
}
Event: 3.776 GC heap before
{Heap before GC invocations=5 (full 0):
 PSYoungGen      total 204800K, used 204776K [0x00000000eab00000, 0x00000000f7b00000, 0x0000000100000000)
  eden space 196608K, 100% used [0x00000000eab00000,0x00000000f6b00000,0x00000000f6b00000)
  from space 8192K, 99% used [0x00000000f7300000,0x00000000f7afa2c0,0x00000000f7b00000)
  to   space 8192K, 0% used [0x00000000f6b00000,0x00000000f6b00000,0x00000000f7300000)
 ParOldGen       total 131072K, used 49062K [0x00000000c0000000, 0x00000000c8000000, 0x00000000eab00000)
  object space 131072K, 37% used [0x00000000c0000000,0x00000000c2fe9928,0x00000000c8000000)
 Metaspace       used 6808K, capacity 7320K, committed 7680K, reserved 1056768K
  class space    used 649K, capacity 656K, committed 768K, reserved 1048576K
Event: 3.910 GC heap after
Heap after GC invocations=5 (full 0):
 PSYoungGen      total 204800K, used 8160K [0x00000000eab00000, 0x0000000100000000, 0x0000000100000000)
  eden space 196608K, 0% used [0x00000000eab00000,0x00000000eab00000,0x00000000f6b00000)
  from space 8192K, 99% used [0x00000000f6b00000,0x00000000f72f8010,0x00000000f7300000)
  to   space 46080K, 0% used [0x00000000fd300000,0x00000000fd300000,0x0000000100000000)
 ParOldGen       total 131072K, used 78503K [0x00000000c0000000, 0x00000000c8000000, 0x00000000eab00000)
  object space 131072K, 59% used [0x00000000c0000000,0x00000000c4ca9e48,0x00000000c8000000)
 Metaspace       used 6808K, capacity 7320K, committed 7680K, reserved 1056768K
  class space    used 649K, capacity 656K, committed 768K, reserved 1048576K
}

Deoptimization events (10 events):
Event: 3.312 Thread 0x0000000017564000 Uncommon trap: reason=bimorphic action=maybe_recompile pc=0x000000000346ec8c method=java.util.HashMap.getNode(ILjava/lang/Object;)Ljava/util/HashMap$Node; @ 59
Event: 3.312 Thread 0x0000000017564000 Uncommon trap: reason=class_check action=maybe_recompile pc=0x00000000038787bc method=java.util.HashMap.putVal(ILjava/lang/Object;Ljava/lang/Object;ZZ)Ljava/lang/Object; @ 91
Event: 3.312 Thread 0x0000000017564000 Uncommon trap: reason=class_check action=maybe_recompile pc=0x00000000034851c4 method=java.util.HashMap.getNode(ILjava/lang/Object;)Ljava/util/HashMap$Node; @ 126
Event: 3.449 Thread 0x0000000017564000 Uncommon trap: reason=bimorphic action=maybe_recompile pc=0x000000000346ec8c method=java.util.HashMap.getNode(ILjava/lang/Object;)Ljava/util/HashMap$Node; @ 59
Event: 3.450 Thread 0x0000000017564000 Uncommon trap: reason=class_check action=maybe_recompile pc=0x00000000038787bc method=java.util.HashMap.putVal(ILjava/lang/Object;Ljava/lang/Object;ZZ)Ljava/lang/Object; @ 91
Event: 3.500 Thread 0x00000000030c2800 Uncommon trap: reason=unstable_if action=reinterpret pc=0x000000000395c504 method=com.android.dx.cf.code.Merger.isPossiblyAssignableFrom(Lcom/android/dx/rop/type/TypeBearer;Lcom/android/dx/rop/type/TypeBearer;)Z @ 131
Event: 3.688 Thread 0x00000000030c2800 Uncommon trap: reason=null_check action=make_not_entrant pc=0x00000000034dd4e8 method=com.android.dx.rop.type.Type.equals(Ljava/lang/Object;)Z @ 8
Event: 3.701 Thread 0x00000000030c2800 Uncommon trap: reason=bimorphic action=maybe_recompile pc=0x00000000034851a8 method=java.util.HashMap.getNode(ILjava/lang/Object;)Ljava/util/HashMap$Node; @ 59
Event: 3.733 Thread 0x0000000017564000 Uncommon trap: reason=unstable_if action=reinterpret pc=0x0000000003b13128 method=com.android.dx.ssa.SsaMethod.isRegALocal(Lcom/android/dx/rop/code/RegisterSpec;)Z @ 80
Event: 4.261 Thread 0x0000000017564000 Uncommon trap: reason=unstable_if action=reinterpret pc=0x00000000039281e0 method=java.util.BitSet.nextClearBit(I)I @ 91

Classes redefined (0 events):
No events

Internal exceptions (9 events):
Event: 0.035 Thread 0x00000000030c2800 Exception <a 'java/lang/NoSuchMethodError': Method sun.misc.Unsafe.defineClass(Ljava/lang/String;[BII)Ljava/lang/Class; name or signature does not match> (0x00000000eab07cb0) thrown at [C:\re\workspace\8-2-build-windows-amd64-cygwin\jdk8u181\11358\hotspot
Event: 0.035 Thread 0x00000000030c2800 Exception <a 'java/lang/NoSuchMethodError': Method sun.misc.Unsafe.prefetchRead(Ljava/lang/Object;J)V name or signature does not match> (0x00000000eab07f98) thrown at [C:\re\workspace\8-2-build-windows-amd64-cygwin\jdk8u181\11358\hotspot\src\share\vm\prim
Event: 0.077 Thread 0x00000000030c2800 Exception <a 'java/io/FileNotFoundException'> (0x00000000eab56588) thrown at [C:\re\workspace\8-2-build-windows-amd64-cygwin\jdk8u181\11358\hotspot\src\share\vm\prims\jni.cpp, line 709]
Event: 2.491 Thread 0x00000000030c2800 Exception <a 'java/lang/ArrayIndexOutOfBoundsException': 18> (0x00000000ec41d0d0) thrown at [C:\re\workspace\8-2-build-windows-amd64-cygwin\jdk8u181\11358\hotspot\src\share\vm\interpreter\interpreterRuntime.cpp, line 366]
Event: 2.492 Thread 0x00000000030c2800 Exception <a 'java/lang/ArrayIndexOutOfBoundsException'> (0x00000000ec41ec50) thrown at [C:\re\workspace\8-2-build-windows-amd64-cygwin\jdk8u181\11358\hotspot\src\share\vm\runtime\sharedRuntime.cpp, line 605]
Event: 2.493 Thread 0x00000000030c2800 Exception <a 'java/lang/ArrayIndexOutOfBoundsException'> (0x00000000ec41ff38) thrown at [C:\re\workspace\8-2-build-windows-amd64-cygwin\jdk8u181\11358\hotspot\src\share\vm\runtime\sharedRuntime.cpp, line 605]
Event: 3.096 Thread 0x0000000017564000 Implicit null exception at 0x00000000038f853e to 0x00000000038f8e99
Event: 3.100 Thread 0x0000000017564000 Implicit null exception at 0x00000000037b586c to 0x00000000037b5898
Event: 3.688 Thread 0x00000000030c2800 Implicit null exception at 0x00000000034dd3e2 to 0x00000000034dd4da

Events (10 events):
Event: 4.201 Thread 0x00000000030c2800 DEOPT UNPACKING pc=0x0000000003207890 sp=0x00000000030bdea0 mode 0
Event: 4.205 Executing VM operation: RevokeBias
Event: 4.205 Executing VM operation: RevokeBias done
Event: 4.260 Thread 0x0000000017564000 DEOPT PACKING pc=0x000000000381ceb7 sp=0x0000000017a5ef80
Event: 4.260 Thread 0x0000000017564000 DEOPT UNPACKING pc=0x0000000003207890 sp=0x0000000017a5ed00 mode 0
Event: 4.261 Thread 0x0000000017564000 Uncommon trap: trap_request=0xffffff65 fr.pc=0x00000000039281e0
Event: 4.261 Thread 0x0000000017564000 DEOPT PACKING pc=0x00000000039281e0 sp=0x0000000017a5ea80
Event: 4.261 Thread 0x0000000017564000 DEOPT UNPACKING pc=0x000000000320583b sp=0x0000000017a5e9f8 mode 2
Event: 4.263 Executing VM operation: RevokeBias
Event: 4.263 Executing VM operation: RevokeBias done


Dynamic libraries:
0x00007ff767f30000 - 0x00007ff767f67000 	C:\Program Files\Java\jdk1.8.0_181\bin\java.exe
0x00007ffc84e70000 - 0x00007ffc8505d000 	C:\WINDOWS\SYSTEM32\ntdll.dll
0x00007ffc82ed0000 - 0x00007ffc82f83000 	C:\WINDOWS\System32\KERNEL32.DLL
0x00007ffc81c10000 - 0x00007ffc81ea3000 	C:\WINDOWS\System32\KERNELBASE.dll
0x00007ffc835f0000 - 0x00007ffc83693000 	C:\WINDOWS\System32\ADVAPI32.dll
0x00007ffc82cf0000 - 0x00007ffc82d8e000 	C:\WINDOWS\System32\msvcrt.dll
0x00007ffc82410000 - 0x00007ffc824ae000 	C:\WINDOWS\System32\sechost.dll
0x00007ffc836c0000 - 0x00007ffc837e2000 	C:\WINDOWS\System32\RPCRT4.dll
0x00007ffc824b0000 - 0x00007ffc82647000 	C:\WINDOWS\System32\USER32.dll
0x00007ffc81920000 - 0x00007ffc81940000 	C:\WINDOWS\System32\win32u.dll
0x00007ffc82f90000 - 0x00007ffc82fb9000 	C:\WINDOWS\System32\GDI32.dll
0x00007ffc81f00000 - 0x00007ffc8209a000 	C:\WINDOWS\System32\gdi32full.dll
0x00007ffc81970000 - 0x00007ffc81a10000 	C:\WINDOWS\System32\msvcp_win.dll
0x00007ffc81b10000 - 0x00007ffc81c0a000 	C:\WINDOWS\System32\ucrtbase.dll
0x00007ffc68da0000 - 0x00007ffc69019000 	C:\WINDOWS\WinSxS\amd64_microsoft.windows.common-controls_6595b64144ccf1df_6.0.17763.593_none_05b23db00721f787\COMCTL32.dll
0x00007ffc829c0000 - 0x00007ffc82cec000 	C:\WINDOWS\System32\combase.dll
0x00007ffc81a10000 - 0x00007ffc81a8e000 	C:\WINDOWS\System32\bcryptPrimitives.dll
0x00007ffc82380000 - 0x00007ffc823ae000 	C:\WINDOWS\System32\IMM32.DLL
0x00007ffc80d30000 - 0x00007ffc80d6c000 	C:\WINDOWS\system32\SophosAV\SOPHOS~1.DLL
0x00007ffc82d90000 - 0x00007ffc82d98000 	C:\WINDOWS\System32\PSAPI.DLL
0x0000000070bd0000 - 0x0000000070ca2000 	C:\Program Files\Java\jdk1.8.0_181\jre\bin\msvcr100.dll
0x000000006fec0000 - 0x0000000070762000 	C:\Program Files\Java\jdk1.8.0_181\jre\bin\server\jvm.dll
0x00007ffc7b7f0000 - 0x00007ffc7b7f9000 	C:\WINDOWS\SYSTEM32\WSOCK32.dll
0x00007ffc82650000 - 0x00007ffc826bd000 	C:\WINDOWS\System32\WS2_32.dll
0x00007ffc7a6d0000 - 0x00007ffc7a6f4000 	C:\WINDOWS\SYSTEM32\WINMM.dll
0x00007ffc7d5c0000 - 0x00007ffc7d5ca000 	C:\WINDOWS\SYSTEM32\VERSION.dll
0x00007ffc7a620000 - 0x00007ffc7a64d000 	C:\WINDOWS\SYSTEM32\WINMMBASE.dll
0x00007ffc81eb0000 - 0x00007ffc81efa000 	C:\WINDOWS\System32\cfgmgr32.dll
0x0000000070bc0000 - 0x0000000070bcf000 	C:\Program Files\Java\jdk1.8.0_181\jre\bin\verify.dll
0x0000000070b90000 - 0x0000000070bb9000 	C:\Program Files\Java\jdk1.8.0_181\jre\bin\java.dll
0x0000000070b70000 - 0x0000000070b86000 	C:\Program Files\Java\jdk1.8.0_181\jre\bin\zip.dll
0x00007ffc837f0000 - 0x00007ffc84ce0000 	C:\WINDOWS\System32\SHELL32.dll
0x00007ffc83040000 - 0x00007ffc830e8000 	C:\WINDOWS\System32\shcore.dll
0x00007ffc80f40000 - 0x00007ffc8168a000 	C:\WINDOWS\System32\windows.storage.dll
0x00007ffc80f10000 - 0x00007ffc80f34000 	C:\WINDOWS\System32\profapi.dll
0x00007ffc80eb0000 - 0x00007ffc80f0d000 	C:\WINDOWS\System32\powrprof.dll
0x00007ffc82e70000 - 0x00007ffc82ec2000 	C:\WINDOWS\System32\shlwapi.dll
0x00007ffc80e70000 - 0x00007ffc80e81000 	C:\WINDOWS\System32\kernel.appcore.dll
0x00007ffc81a90000 - 0x00007ffc81aa7000 	C:\WINDOWS\System32\cryptsp.dll

VM Arguments:
jvm_args: -Dfile.encoding=UTF8 -Xmx1G 
java_command: C:\Program Files (x86)\Android\android-sdk\build-tools\28.0.3\\lib\dx.jar --dex --no-strict --input-list=C:\Users\mccampos\AppData\Local\Temp\tmp5332.tmp --output obj\Debug\90\android\bin
java_class_path (initial): C:\Program Files (x86)\Android\android-sdk\build-tools\28.0.3\\lib\dx.jar
Launcher Type: SUN_STANDARD

Environment Variables:
PATH=C:\Program Files\Java\jdk1.8.0_181\bin;C:\ProgramData\DockerDesktop\version-bin;C:\Program Files\Docker\Docker\Resources\bin;C:\Program Files\Microsoft MPI\Bin\;C:\Program Files (x86)\Common Files\Oracle\Java\javapath;C:\ProgramData\Oracle\Java\javapath;C:\WINDOWS\system32;C:\WINDOWS;C:\WINDOWS\System32\Wbem;C:\WINDOWS\System32\WindowsPowerShell\v1.0\;C:\Program Files\TortoiseSVN\bin;C:\Program Files (x86)\Attachmate\EXTRA!\;C:\Program Files (x86)\Borland\StarTeam SDK 13.0\Lib;C:\Program Files (x86)\Borland\StarTeam SDK 13.0\Bin;C:\Program Files\dotnet\;C:\Program Files (x86)\Microsoft SQL Server\140\Tools\Binn\;C:\Program Files\Microsoft SQL Server\140\Tools\Binn\;C:\Program Files\Microsoft SQL Server\140\DTS\Binn\;C:\Program Files\Microsoft SQL Server\Client SDK\ODBC\130\Tools\Binn\;C:\Program Files (x86)\Microsoft SQL Server\140\DTS\Binn\;C:\Program Files\Microsoft SQL Server\130\Tools\Binn\;C:\Program Files (x86)\Microsoft SQL Server\Client SDK\ODBC\130\Tools\Binn\;C:\Program Files (x86)\Microsoft SQL Server\140\Tools\Binn\ManagementStudio\;C:\php\projetos\php;C:\composer;C:\Program Files\Microsoft SQL Server\Client SDK\ODBC\170\Tools\Binn\;C:\Program Files (x86)\Apache\apache-maven-3.6.1\bin;C:\Program Files\Git\cmd;C:\Users\mccampos\AppData\Roaming\nvm;C:\Program Files\nodejs;%JAVA_HOME%\bin;C:\Program Files (x86)\nodejs\;C:\Program Files (x86)\Git\cmd;C:\WINDOWS\System32\OpenSSH\;C:\Program Files\MySQL\MySQL Shell 8.0\bin\;C:\Users\mccampos\.dotnet\tools;C:\Users\mccampos\AppData\Roaming\nvm;C:\Program Files\nodejs;C:\Users\mccampos\AppData\Local\atom\bin;C:\Users\mccampos\AppData\Roaming\npm;%USERPROFILE%\AppData\Local\Microsoft\WindowsApps;
USERNAME=mccampos
OS=Windows_NT
PROCESSOR_IDENTIFIER=Intel64 Family 6 Model 142 Stepping 9, GenuineIntel



---------------  S Y S T E M  ---------------

OS: Windows 10.0 , 64 bit Build 17763 (10.0.17763.475)

CPU:total 4 (initial active 4) (2 cores per cpu, 2 threads per core) family 6 model 142 stepping 9, cmov, cx8, fxsr, mmx, sse, sse2, sse3, ssse3, sse4.1, sse4.2, popcnt, avx, avx2, aes, clmul, erms, 3dnowpref, lzcnt, ht, tsc, tscinvbit, bmi1, bmi2, adx

Memory: 4k page, physical 12454628k(1864512k free), swap 12454628k(5144k free)

vm_info: Java HotSpot(TM) 64-Bit Server VM (25.181-b13) for windows-amd64 JRE (1.8.0_181-b13), built on Jul  7 2018 04:01:33 by "java_re" with MS VC++ 10.0 (VS2010)

time: Mon Jul 22 14:40:34 2019
elapsed time: 4 seconds (0d 0h 0m 4s)

