#
# There is insufficient memory for the Java Runtime Environment to continue.
# Native memory allocation (malloc) failed to allocate 1048576 bytes for AllocateHeap
# Possible reasons:
#   The system is out of physical RAM or swap space
#   In 32 bit mode, the process size limit was hit
# Possible solutions:
#   Reduce memory load on the system
#   Increase physical memory or swap space
#   Check if swap backing store is full
#   Use 64 bit Java on a 64 bit OS
#   Decrease Java heap size (-Xmx/-Xms)
#   Decrease number of Java threads
#   Decrease Java thread stack sizes (-Xss)
#   Set larger code cache with -XX:ReservedCodeCacheSize=
# This output file may be truncated or incomplete.
#
#  Out of Memory Error (memory/allocation.inline.hpp:61), pid=9064, tid=0x0000000000002874
#
# JRE version:  (8.0_181-b13) (build )
# Java VM: Java HotSpot(TM) 64-Bit Server VM (25.181-b13 mixed mode windows-amd64 compressed oops)
# Failed to write core dump. Minidumps are not enabled by default on client versions of Windows
#

---------------  T H R E A D  ---------------

Current thread (0x0000000002592800):  JavaThread "Unknown thread" [_thread_in_vm, id=10356, stack(0x0000000002460000,0x0000000002560000)]

Stack: [0x0000000002460000,0x0000000002560000]
[error occurred during error reporting (printing stack bounds), id 0xc0000005]

Native frames: (J=compiled Java code, j=interpreted, Vv=VM code, C=native code)


---------------  P R O C E S S  ---------------

Java Threads: ( => current thread )

Other Threads:

=>0x0000000002592800 (exited) JavaThread "Unknown thread" [_thread_in_vm, id=10356, stack(0x0000000002460000,0x0000000002560000)]

VM state:not at safepoint (normal execution)

VM Mutex/Monitor currently owned by a thread: None

Heap:
 PSYoungGen      total 2048K, used 30K [0x0000000780a00000, 0x0000000780c80000, 0x00000007c0000000)
  eden space 1536K, 2% used [0x0000000780a00000,0x0000000780a07af0,0x0000000780b80000)
  from space 512K, 0% used [0x0000000780c00000,0x0000000780c00000,0x0000000780c80000)
  to   space 512K, 0% used [0x0000000780b80000,0x0000000780b80000,0x0000000780c00000)
 ParOldGen       total 5632K, used 0K [0x0000000701e00000, 0x0000000702380000, 0x0000000780a00000)
  object space 5632K, 0% used [0x0000000701e00000,0x0000000701e00000,0x0000000702380000)
 Metaspace       used 775K, capacity 4480K, committed 4480K, reserved 1056768K
  class space    used 76K, capacity 384K, committed 384K, reserved 1048576K

Card table byte_map: [0x0000000011ab0000,0x00000000120b0000] byte_map_base: 0x000000000e2a1000

Marking Bits: (ParMarkBitMap*) 0x00000000706e2d00
 Begin Bits: [0x00000000128b0000, 0x0000000015838000)
 End Bits:   [0x0000000015838000, 0x00000000187c0000)

Polling page: 0x0000000000bf0000

CodeCache: size=245760Kb used=328Kb max_used=328Kb free=245431Kb
 bounds [0x00000000026f0000, 0x0000000002960000, 0x00000000116f0000]
 total_blobs=58 nmethods=0 adapters=38
 compilation: enabled

Compilation events (0 events):
No events

GC Heap History (0 events):
No events

Deoptimization events (0 events):
No events

Classes redefined (0 events):
No events

Internal exceptions (0 events):
No events

Events (10 events):
Event: 0.023 loading class java/lang/Short
Event: 0.023 loading class java/lang/Short done
Event: 0.023 loading class java/lang/Integer
Event: 0.023 loading class java/lang/Integer done
Event: 0.023 loading class java/lang/Long
Event: 0.024 loading class java/lang/Long done
Event: 0.024 loading class java/lang/NullPointerException
Event: 0.024 loading class java/lang/NullPointerException done
Event: 0.024 loading class java/lang/ArithmeticException
Event: 0.024 loading class java/lang/ArithmeticException done


Dynamic libraries:
0x00007ff6e7e20000 - 0x00007ff6e7e27000 	C:\Program Files\Java\jdk1.8.0_181\bin\javac.exe
0x00007ffc84e70000 - 0x00007ffc8505d000 	C:\WINDOWS\SYSTEM32\ntdll.dll
0x00007ffc82ed0000 - 0x00007ffc82f83000 	C:\WINDOWS\System32\KERNEL32.DLL
0x00007ffc81c10000 - 0x00007ffc81ea3000 	C:\WINDOWS\System32\KERNELBASE.dll
0x000000006f810000 - 0x000000006f83f000 	C:\Program Files\Java\jdk1.8.0_181\bin\jli.dll
0x000000006f730000 - 0x000000006f802000 	C:\Program Files\Java\jdk1.8.0_181\bin\MSVCR100.dll
0x00007ffc835f0000 - 0x00007ffc83693000 	C:\WINDOWS\System32\ADVAPI32.dll
0x00007ffc82cf0000 - 0x00007ffc82d8e000 	C:\WINDOWS\System32\msvcrt.dll
0x00007ffc82410000 - 0x00007ffc824ae000 	C:\WINDOWS\System32\sechost.dll
0x00007ffc836c0000 - 0x00007ffc837e2000 	C:\WINDOWS\System32\RPCRT4.dll
0x00007ffc824b0000 - 0x00007ffc82647000 	C:\WINDOWS\System32\USER32.dll
0x00007ffc81920000 - 0x00007ffc81940000 	C:\WINDOWS\System32\win32u.dll
0x00007ffc68da0000 - 0x00007ffc69019000 	C:\WINDOWS\WinSxS\amd64_microsoft.windows.common-controls_6595b64144ccf1df_6.0.17763.593_none_05b23db00721f787\COMCTL32.dll
0x00007ffc82f90000 - 0x00007ffc82fb9000 	C:\WINDOWS\System32\GDI32.dll
0x00007ffc81f00000 - 0x00007ffc8209a000 	C:\WINDOWS\System32\gdi32full.dll
0x00007ffc829c0000 - 0x00007ffc82cec000 	C:\WINDOWS\System32\combase.dll
0x00007ffc81970000 - 0x00007ffc81a10000 	C:\WINDOWS\System32\msvcp_win.dll
0x00007ffc81b10000 - 0x00007ffc81c0a000 	C:\WINDOWS\System32\ucrtbase.dll
0x00007ffc81a10000 - 0x00007ffc81a8e000 	C:\WINDOWS\System32\bcryptPrimitives.dll
0x00007ffc82380000 - 0x00007ffc823ae000 	C:\WINDOWS\System32\IMM32.DLL
0x00007ffc80d30000 - 0x00007ffc80d6c000 	C:\WINDOWS\system32\SophosAV\SOPHOS~1.DLL
0x00007ffc82d90000 - 0x00007ffc82d98000 	C:\WINDOWS\System32\PSAPI.DLL
0x0000000070bd0000 - 0x0000000070ca2000 	C:\Program Files\Java\jdk1.8.0_181\jre\bin\msvcr100.dll
0x000000006fec0000 - 0x0000000070762000 	C:\Program Files\Java\jdk1.8.0_181\jre\bin\server\jvm.dll
0x00007ffc7b7f0000 - 0x00007ffc7b7f9000 	C:\WINDOWS\SYSTEM32\WSOCK32.dll
0x00007ffc82650000 - 0x00007ffc826bd000 	C:\WINDOWS\System32\WS2_32.dll
0x00007ffc7d5c0000 - 0x00007ffc7d5ca000 	C:\WINDOWS\SYSTEM32\VERSION.dll
0x00007ffc7a6d0000 - 0x00007ffc7a6f4000 	C:\WINDOWS\SYSTEM32\WINMM.dll
0x00007ffc7a620000 - 0x00007ffc7a64d000 	C:\WINDOWS\SYSTEM32\winmmbase.dll
0x00007ffc81eb0000 - 0x00007ffc81efa000 	C:\WINDOWS\System32\cfgmgr32.dll
0x0000000070bc0000 - 0x0000000070bcf000 	C:\Program Files\Java\jdk1.8.0_181\jre\bin\verify.dll
0x0000000070b90000 - 0x0000000070bb9000 	C:\Program Files\Java\jdk1.8.0_181\jre\bin\java.dll
0x0000000070b70000 - 0x0000000070b86000 	C:\Program Files\Java\jdk1.8.0_181\jre\bin\zip.dll

VM Arguments:
jvm_args: -Dapplication.home=C:\Program Files\Java\jdk1.8.0_181 -Xms8m 
java_command: com.sun.tools.javac.Main -version
java_class_path (initial): C:\Program Files\Java\jdk1.8.0_181/lib/tools.jar;C:\Program Files\Java\jdk1.8.0_181/classes
Launcher Type: SUN_STANDARD

Environment Variables:
PATH=C:\Program Files\Java\jdk1.8.0_181\bin;C:\ProgramData\DockerDesktop\version-bin;C:\Program Files\Docker\Docker\Resources\bin;C:\Program Files\Microsoft MPI\Bin\;C:\Program Files (x86)\Common Files\Oracle\Java\javapath;C:\ProgramData\Oracle\Java\javapath;C:\WINDOWS\system32;C:\WINDOWS;C:\WINDOWS\System32\Wbem;C:\WINDOWS\System32\WindowsPowerShell\v1.0\;C:\Program Files\TortoiseSVN\bin;C:\Program Files (x86)\Attachmate\EXTRA!\;C:\Program Files (x86)\Borland\StarTeam SDK 13.0\Lib;C:\Program Files (x86)\Borland\StarTeam SDK 13.0\Bin;C:\Program Files\dotnet\;C:\Program Files (x86)\Microsoft SQL Server\140\Tools\Binn\;C:\Program Files\Microsoft SQL Server\140\Tools\Binn\;C:\Program Files\Microsoft SQL Server\140\DTS\Binn\;C:\Program Files\Microsoft SQL Server\Client SDK\ODBC\130\Tools\Binn\;C:\Program Files (x86)\Microsoft SQL Server\140\DTS\Binn\;C:\Program Files\Microsoft SQL Server\130\Tools\Binn\;C:\Program Files (x86)\Microsoft SQL Server\Client SDK\ODBC\130\Tools\Binn\;C:\Program Files (x86)\Microsoft SQL Server\140\Tools\Binn\ManagementStudio\;C:\php\projetos\php;C:\composer;C:\Program Files\Microsoft SQL Server\Client SDK\ODBC\170\Tools\Binn\;C:\Program Files (x86)\Apache\apache-maven-3.6.1\bin;C:\Program Files\Git\cmd;C:\Users\mccampos\AppData\Roaming\nvm;C:\Program Files\nodejs;%JAVA_HOME%\bin;C:\Program Files (x86)\nodejs\;C:\Program Files (x86)\Git\cmd;C:\WINDOWS\System32\OpenSSH\;C:\Program Files\MySQL\MySQL Shell 8.0\bin\;C:\Users\mccampos\.dotnet\tools;C:\Users\mccampos\AppData\Roaming\nvm;C:\Program Files\nodejs;C:\Users\mccampos\AppData\Local\atom\bin;C:\Users\mccampos\AppData\Roaming\npm;%USERPROFILE%\AppData\Local\Microsoft\WindowsApps;
USERNAME=mccampos
OS=Windows_NT
PROCESSOR_IDENTIFIER=Intel64 Family 6 Model 142 Stepping 9, GenuineIntel



---------------  S Y S T E M  ---------------

OS: Windows 10.0 , 64 bit Build 17763 (10.0.17763.475)

CPU:total 4 (initial active 4) (2 cores per cpu, 2 threads per core) family 6 model 142 stepping 9, cmov, cx8, fxsr, mmx, sse, sse2, sse3, ssse3, sse4.1, sse4.2, popcnt, avx, avx2, aes, clmul, erms, 3dnowpref, lzcnt, ht, tsc, tscinvbit, bmi1, bmi2, adx

Memory: 4k page, physical 12454628k(1964676k free), swap 12454628k(5944k free)

vm_info: Java HotSpot(TM) 64-Bit Server VM (25.181-b13) for windows-amd64 JRE (1.8.0_181-b13), built on Jul  7 2018 04:01:33 by "java_re" with MS VC++ 10.0 (VS2010)

time: Tue Jul 23 11:34:13 2019
elapsed time: 0 seconds (0d 0h 0m 0s)

