#
# There is insufficient memory for the Java Runtime Environment to continue.
# Native memory allocation (malloc) failed to allocate 32744 bytes for ChunkPool::allocate
# Possible reasons:
#   The system is out of physical RAM or swap space
#   In 32 bit mode, the process size limit was hit
# Possible solutions:
#   Reduce memory load on the system
#   Increase physical memory or swap space
#   Check if swap backing store is full
#   Use 64 bit Java on a 64 bit OS
#   Decrease Java heap size (-Xmx/-Xms)
#   Decrease number of Java threads
#   Decrease Java thread stack sizes (-Xss)
#   Set larger code cache with -XX:ReservedCodeCacheSize=
# This output file may be truncated or incomplete.
#
#  Out of Memory Error (allocation.cpp:273), pid=17256, tid=0x0000000000000d4c
#
# JRE version: Java(TM) SE Runtime Environment (8.0_181-b13) (build 1.8.0_181-b13)
# Java VM: Java HotSpot(TM) 64-Bit Server VM (25.181-b13 mixed mode windows-amd64 compressed oops)
# Failed to write core dump. Minidumps are not enabled by default on client versions of Windows
#

---------------  T H R E A D  ---------------

Current thread (0x0000000019c15000):  JavaThread "C1 CompilerThread2" daemon [_thread_in_native, id=3404, stack(0x000000001b460000,0x000000001b560000)]

Stack: [0x000000001b460000,0x000000001b560000]
[error occurred during error reporting (printing stack bounds), id 0xc0000005]

Native frames: (J=compiled Java code, j=interpreted, Vv=VM code, C=native code)


Current CompileTask:
C1:    830  453       3       com.sun.tools.javac.parser.JavacParser::term3 (2502 bytes)


---------------  P R O C E S S  ---------------

Java Threads: ( => current thread )
  0x000000001b58d000 JavaThread "Service Thread" daemon [_thread_blocked, id=10836, stack(0x000000001b960000,0x000000001ba60000)]
=>0x0000000019c15000 JavaThread "C1 CompilerThread2" daemon [_thread_in_native, id=3404, stack(0x000000001b460000,0x000000001b560000)]
  0x0000000019c10800 JavaThread "C2 CompilerThread1" daemon [_thread_blocked, id=11168, stack(0x000000001b360000,0x000000001b460000)]
  0x0000000019c03800 JavaThread "C2 CompilerThread0" daemon [_thread_blocked, id=18200, stack(0x000000001b260000,0x000000001b360000)]
  0x0000000019c00800 JavaThread "Attach Listener" daemon [_thread_blocked, id=4040, stack(0x000000001b160000,0x000000001b260000)]
  0x0000000019bff000 JavaThread "Signal Dispatcher" daemon [_thread_blocked, id=11800, stack(0x000000001b060000,0x000000001b160000)]
  0x0000000002b8e000 JavaThread "Finalizer" daemon [_thread_blocked, id=16412, stack(0x000000001ae50000,0x000000001af50000)]
  0x0000000002b85000 JavaThread "Reference Handler" daemon [_thread_blocked, id=18320, stack(0x000000001ad50000,0x000000001ae50000)]
  0x0000000002a93800 JavaThread "main" [_thread_in_Java, id=9080, stack(0x0000000002990000,0x0000000002a90000)]

Other Threads:
  0x0000000019bc7000 VMThread [stack: 0x000000001ac50000,0x000000001ad50000] [id=18056]
  0x000000001b596800 WatcherThread [stack: 0x000000001bbc0000,0x000000001bcc0000] [id=16396]

VM state:not at safepoint (normal execution)

VM Mutex/Monitor currently owned by a thread: None

Heap:
 PSYoungGen      total 6656K, used 5782K [0x0000000780a00000, 0x0000000781300000, 0x00000007c0000000)
  eden space 5632K, 87% used [0x0000000780a00000,0x0000000780ecda18,0x0000000780f80000)
  from space 1024K, 84% used [0x0000000781100000,0x00000007811d8020,0x0000000781200000)
  to   space 1536K, 0% used [0x0000000780f80000,0x0000000780f80000,0x0000000781100000)
 ParOldGen       total 5632K, used 1004K [0x0000000701e00000, 0x0000000702380000, 0x0000000780a00000)
  object space 5632K, 17% used [0x0000000701e00000,0x0000000701efb060,0x0000000702380000)
 Metaspace       used 7346K, capacity 8212K, committed 8448K, reserved 1056768K
  class space    used 887K, capacity 912K, committed 1024K, reserved 1048576K

Card table byte_map: [0x0000000011f50000,0x0000000012550000] byte_map_base: 0x000000000e741000

Marking Bits: (ParMarkBitMap*) 0x00000000706e2d00
 Begin Bits: [0x0000000012d50000, 0x0000000015cd8000)
 End Bits:   [0x0000000015cd8000, 0x0000000018c60000)

Polling page: 0x0000000001070000

CodeCache: size=245760Kb used=2431Kb max_used=2443Kb free=243328Kb
 bounds [0x0000000002b90000, 0x0000000002e00000, 0x0000000011b90000]
 total_blobs=743 nmethods=457 adapters=199
 compilation: enabled

Compilation events (10 events):
Event: 0.813 Thread 0x0000000019c15000 nmethod 458 0x0000000002dd7210 code [0x0000000002dd7360, 0x0000000002dd7470]
Event: 0.813 Thread 0x0000000019c15000  452       3       com.sun.tools.javac.parser.JavacParser::term3Rest (705 bytes)
Event: 0.817 Thread 0x0000000019c15000 nmethod 452 0x0000000002de2090 code [0x0000000002de2800, 0x0000000002de6e78]
Event: 0.817 Thread 0x0000000019c15000  459       3       com.sun.tools.javac.parser.Tokens$Token::deprecatedFlag (46 bytes)
Event: 0.818 Thread 0x0000000019c15000 nmethod 459 0x0000000002de96d0 code [0x0000000002de98c0, 0x0000000002dea1f8]
Event: 0.818 Thread 0x0000000019c15000  453       3       com.sun.tools.javac.parser.JavacParser::term3 (2502 bytes)
Event: 0.825 Thread 0x0000000019c03800 nmethod 454% 0x0000000002deb690 code [0x0000000002deb9e0, 0x0000000002dec340]
Event: 0.825 Thread 0x0000000019c03800  457       4       com.sun.tools.javac.util.Name$Table::hashValue (36 bytes)
Event: 0.827 Thread 0x0000000019c03800 nmethod 457 0x0000000002dd6ed0 code [0x0000000002dd7000, 0x0000000002dd7158]
Event: 0.827 Thread 0x0000000019c03800  461       4       com.sun.tools.javac.parser.UnicodeReader::putChar (10 bytes)

GC Heap History (10 events):
Event: 0.283 GC heap before
{Heap before GC invocations=2 (full 0):
 PSYoungGen      total 2048K, used 2016K [0x0000000780a00000, 0x0000000780c80000, 0x00000007c0000000)
  eden space 1536K, 100% used [0x0000000780a00000,0x0000000780b80000,0x0000000780b80000)
  from space 512K, 93% used [0x0000000780b80000,0x0000000780bf8020,0x0000000780c00000)
  to   space 512K, 0% used [0x0000000780c00000,0x0000000780c00000,0x0000000780c80000)
 ParOldGen       total 5632K, used 32K [0x0000000701e00000, 0x0000000702380000, 0x0000000780a00000)
  object space 5632K, 0% used [0x0000000701e00000,0x0000000701e08000,0x0000000702380000)
 Metaspace       used 4032K, capacity 5260K, committed 5504K, reserved 1056768K
  class space    used 473K, capacity 520K, committed 640K, reserved 1048576K
Event: 0.284 GC heap after
Heap after GC invocations=2 (full 0):
 PSYoungGen      total 2048K, used 480K [0x0000000780a00000, 0x0000000780e00000, 0x00000007c0000000)
  eden space 1536K, 0% used [0x0000000780a00000,0x0000000780a00000,0x0000000780b80000)
  from space 512K, 93% used [0x0000000780c00000,0x0000000780c78020,0x0000000780c80000)
  to   space 512K, 0% used [0x0000000780b80000,0x0000000780b80000,0x0000000780c00000)
 ParOldGen       total 5632K, used 176K [0x0000000701e00000, 0x0000000702380000, 0x0000000780a00000)
  object space 5632K, 3% used [0x0000000701e00000,0x0000000701e2c000,0x0000000702380000)
 Metaspace       used 4032K, capacity 5260K, committed 5504K, reserved 1056768K
  class space    used 473K, capacity 520K, committed 640K, reserved 1048576K
}
Event: 0.357 GC heap before
{Heap before GC invocations=3 (full 0):
 PSYoungGen      total 2048K, used 2016K [0x0000000780a00000, 0x0000000780e00000, 0x00000007c0000000)
  eden space 1536K, 100% used [0x0000000780a00000,0x0000000780b80000,0x0000000780b80000)
  from space 512K, 93% used [0x0000000780c00000,0x0000000780c78020,0x0000000780c80000)
  to   space 512K, 0% used [0x0000000780b80000,0x0000000780b80000,0x0000000780c00000)
 ParOldGen       total 5632K, used 176K [0x0000000701e00000, 0x0000000702380000, 0x0000000780a00000)
  object space 5632K, 3% used [0x0000000701e00000,0x0000000701e2c000,0x0000000702380000)
 Metaspace       used 4553K, capacity 5772K, committed 6016K, reserved 1056768K
  class space    used 550K, capacity 584K, committed 640K, reserved 1048576K
Event: 0.358 GC heap after
Heap after GC invocations=3 (full 0):
 PSYoungGen      total 2048K, used 496K [0x0000000780a00000, 0x0000000780e00000, 0x00000007c0000000)
  eden space 1536K, 0% used [0x0000000780a00000,0x0000000780a00000,0x0000000780b80000)
  from space 512K, 96% used [0x0000000780b80000,0x0000000780bfc010,0x0000000780c00000)
  to   space 512K, 0% used [0x0000000780d80000,0x0000000780d80000,0x0000000780e00000)
 ParOldGen       total 5632K, used 592K [0x0000000701e00000, 0x0000000702380000, 0x0000000780a00000)
  object space 5632K, 10% used [0x0000000701e00000,0x0000000701e94020,0x0000000702380000)
 Metaspace       used 4553K, capacity 5772K, committed 6016K, reserved 1056768K
  class space    used 550K, capacity 584K, committed 640K, reserved 1048576K
}
Event: 0.447 GC heap before
{Heap before GC invocations=4 (full 0):
 PSYoungGen      total 2048K, used 2032K [0x0000000780a00000, 0x0000000780e00000, 0x00000007c0000000)
  eden space 1536K, 100% used [0x0000000780a00000,0x0000000780b80000,0x0000000780b80000)
  from space 512K, 96% used [0x0000000780b80000,0x0000000780bfc010,0x0000000780c00000)
  to   space 512K, 0% used [0x0000000780d80000,0x0000000780d80000,0x0000000780e00000)
 ParOldGen       total 5632K, used 592K [0x0000000701e00000, 0x0000000702380000, 0x0000000780a00000)
  object space 5632K, 10% used [0x0000000701e00000,0x0000000701e94020,0x0000000702380000)
 Metaspace       used 5062K, capacity 6220K, committed 6400K, reserved 1056768K
  class space    used 621K, capacity 648K, committed 768K, reserved 1048576K
Event: 0.448 GC heap after
Heap after GC invocations=4 (full 0):
 PSYoungGen      total 3584K, used 496K [0x0000000780a00000, 0x0000000780e00000, 0x00000007c0000000)
  eden space 3072K, 0% used [0x0000000780a00000,0x0000000780a00000,0x0000000780d00000)
  from space 512K, 96% used [0x0000000780d80000,0x0000000780dfc010,0x0000000780e00000)
  to   space 512K, 0% used [0x0000000780d00000,0x0000000780d00000,0x0000000780d80000)
 ParOldGen       total 5632K, used 648K [0x0000000701e00000, 0x0000000702380000, 0x0000000780a00000)
  object space 5632K, 11% used [0x0000000701e00000,0x0000000701ea2020,0x0000000702380000)
 Metaspace       used 5062K, capacity 6220K, committed 6400K, reserved 1056768K
  class space    used 621K, capacity 648K, committed 768K, reserved 1048576K
}
Event: 0.558 GC heap before
{Heap before GC invocations=5 (full 0):
 PSYoungGen      total 3584K, used 3568K [0x0000000780a00000, 0x0000000780e00000, 0x00000007c0000000)
  eden space 3072K, 100% used [0x0000000780a00000,0x0000000780d00000,0x0000000780d00000)
  from space 512K, 96% used [0x0000000780d80000,0x0000000780dfc010,0x0000000780e00000)
  to   space 512K, 0% used [0x0000000780d00000,0x0000000780d00000,0x0000000780d80000)
 ParOldGen       total 5632K, used 648K [0x0000000701e00000, 0x0000000702380000, 0x0000000780a00000)
  object space 5632K, 11% used [0x0000000701e00000,0x0000000701ea2020,0x0000000702380000)
 Metaspace       used 6123K, capacity 7180K, committed 7552K, reserved 1056768K
  class space    used 768K, capacity 776K, committed 896K, reserved 1048576K
Event: 0.561 GC heap after
Heap after GC invocations=5 (full 0):
 PSYoungGen      total 3584K, used 480K [0x0000000780a00000, 0x0000000781200000, 0x00000007c0000000)
  eden space 3072K, 0% used [0x0000000780a00000,0x0000000780a00000,0x0000000780d00000)
  from space 512K, 93% used [0x0000000780d00000,0x0000000780d78020,0x0000000780d80000)
  to   space 1024K, 0% used [0x0000000781100000,0x0000000781100000,0x0000000781200000)
 ParOldGen       total 5632K, used 996K [0x0000000701e00000, 0x0000000702380000, 0x0000000780a00000)
  object space 5632K, 17% used [0x0000000701e00000,0x0000000701ef9060,0x0000000702380000)
 Metaspace       used 6123K, capacity 7180K, committed 7552K, reserved 1056768K
  class space    used 768K, capacity 776K, committed 896K, reserved 1048576K
}
Event: 0.709 GC heap before
{Heap before GC invocations=6 (full 0):
 PSYoungGen      total 3584K, used 2799K [0x0000000780a00000, 0x0000000781200000, 0x00000007c0000000)
  eden space 3072K, 75% used [0x0000000780a00000,0x0000000780c43c20,0x0000000780d00000)
  from space 512K, 93% used [0x0000000780d00000,0x0000000780d78020,0x0000000780d80000)
  to   space 1024K, 0% used [0x0000000781100000,0x0000000781100000,0x0000000781200000)
 ParOldGen       total 5632K, used 996K [0x0000000701e00000, 0x0000000702380000, 0x0000000780a00000)
  object space 5632K, 17% used [0x0000000701e00000,0x0000000701ef9060,0x0000000702380000)
 Metaspace       used 6968K, capacity 7892K, committed 8192K, reserved 1056768K
  class space    used 867K, capacity 912K, committed 1024K, reserved 1048576K
Event: 0.712 GC heap after
Heap after GC invocations=6 (full 0):
 PSYoungGen      total 6656K, used 864K [0x0000000780a00000, 0x0000000781300000, 0x00000007c0000000)
  eden space 5632K, 0% used [0x0000000780a00000,0x0000000780a00000,0x0000000780f80000)
  from space 1024K, 84% used [0x0000000781100000,0x00000007811d8020,0x0000000781200000)
  to   space 1536K, 0% used [0x0000000780f80000,0x0000000780f80000,0x0000000781100000)
 ParOldGen       total 5632K, used 1004K [0x0000000701e00000, 0x0000000702380000, 0x0000000780a00000)
  object space 5632K, 17% used [0x0000000701e00000,0x0000000701efb060,0x0000000702380000)
 Metaspace       used 6968K, capacity 7892K, committed 8192K, reserved 1056768K
  class space    used 867K, capacity 912K, committed 1024K, reserved 1048576K
}

Deoptimization events (5 events):
Event: 0.239 Thread 0x0000000002a93800 Uncommon trap: reason=unstable_if action=reinterpret pc=0x0000000002cd9a24 method=java.io.BufferedReader.read()I @ 19
Event: 0.240 Thread 0x0000000002a93800 Uncommon trap: reason=unstable_if action=reinterpret pc=0x0000000002cd93f8 method=java.io.BufferedReader.read()I @ 19
Event: 0.675 Thread 0x0000000002a93800 Uncommon trap: reason=unstable_if action=reinterpret pc=0x0000000002d198b8 method=java.lang.String.replace(CC)Ljava/lang/String; @ 26
Event: 0.731 Thread 0x0000000002a93800 Uncommon trap: reason=unstable_if action=reinterpret pc=0x0000000002d98e4c method=sun.nio.cs.UTF_8$Decoder.decodeArrayLoop(Ljava/nio/ByteBuffer;Ljava/nio/CharBuffer;)Ljava/nio/charset/CoderResult; @ 121
Event: 0.772 Thread 0x0000000002a93800 Uncommon trap: reason=unstable_if action=reinterpret pc=0x0000000002d994d0 method=com.sun.tools.javac.parser.UnicodeReader.scanChar()V @ 37

Classes redefined (0 events):
No events

Internal exceptions (9 events):
Event: 0.037 Thread 0x0000000002a93800 Exception <a 'java/lang/NoSuchMethodError': Method sun.misc.Unsafe.defineClass(Ljava/lang/String;[BII)Ljava/lang/Class; name or signature does not match> (0x0000000780a07cd8) thrown at [C:\re\workspace\8-2-build-windows-amd64-cygwin\jdk8u181\11358\hotspot
Event: 0.037 Thread 0x0000000002a93800 Exception <a 'java/lang/NoSuchMethodError': Method sun.misc.Unsafe.prefetchRead(Ljava/lang/Object;J)V name or signature does not match> (0x0000000780a07fc0) thrown at [C:\re\workspace\8-2-build-windows-amd64-cygwin\jdk8u181\11358\hotspot\src\share\vm\prim
Event: 0.083 Thread 0x0000000002a93800 Exception <a 'java/io/FileNotFoundException'> (0x0000000780a596e0) thrown at [C:\re\workspace\8-2-build-windows-amd64-cygwin\jdk8u181\11358\hotspot\src\share\vm\prims\jni.cpp, line 709]
Event: 0.201 Thread 0x0000000002a93800 Exception <a 'java/security/PrivilegedActionException'> (0x0000000780b7a748) thrown at [C:\re\workspace\8-2-build-windows-amd64-cygwin\jdk8u181\11358\hotspot\src\share\vm\prims\jvm.cpp, line 1435]
Event: 0.201 Thread 0x0000000002a93800 Exception <a 'java/security/PrivilegedActionException'> (0x0000000780b7ab40) thrown at [C:\re\workspace\8-2-build-windows-amd64-cygwin\jdk8u181\11358\hotspot\src\share\vm\prims\jvm.cpp, line 1435]
Event: 0.202 Thread 0x0000000002a93800 Exception <a 'java/security/PrivilegedActionException'> (0x0000000780b7ec38) thrown at [C:\re\workspace\8-2-build-windows-amd64-cygwin\jdk8u181\11358\hotspot\src\share\vm\prims\jvm.cpp, line 1435]
Event: 0.202 Thread 0x0000000002a93800 Exception <a 'java/security/PrivilegedActionException'> (0x0000000780b7f030) thrown at [C:\re\workspace\8-2-build-windows-amd64-cygwin\jdk8u181\11358\hotspot\src\share\vm\prims\jvm.cpp, line 1435]
Event: 0.209 Thread 0x0000000002a93800 Exception <a 'java/security/PrivilegedActionException'> (0x0000000780a07920) thrown at [C:\re\workspace\8-2-build-windows-amd64-cygwin\jdk8u181\11358\hotspot\src\share\vm\prims\jvm.cpp, line 1435]
Event: 0.209 Thread 0x0000000002a93800 Exception <a 'java/security/PrivilegedActionException'> (0x0000000780a3c438) thrown at [C:\re\workspace\8-2-build-windows-amd64-cygwin\jdk8u181\11358\hotspot\src\share\vm\prims\jvm.cpp, line 1435]

Events (10 events):
Event: 0.817 Thread 0x0000000002a93800 DEOPT PACKING pc=0x0000000002dc3c48 sp=0x0000000002a8e540
Event: 0.817 Thread 0x0000000002a93800 DEOPT UNPACKING pc=0x0000000002bd7890 sp=0x0000000002a8e290 mode 0
Event: 0.818 Thread 0x0000000002a93800 DEOPT PACKING pc=0x0000000002dc3c48 sp=0x0000000002a8e540
Event: 0.818 Thread 0x0000000002a93800 DEOPT UNPACKING pc=0x0000000002bd7890 sp=0x0000000002a8e290 mode 0
Event: 0.818 Thread 0x0000000002a93800 DEOPT PACKING pc=0x0000000002dc3c48 sp=0x0000000002a8e590
Event: 0.818 Thread 0x0000000002a93800 DEOPT UNPACKING pc=0x0000000002bd7890 sp=0x0000000002a8e2d8 mode 0
Event: 0.819 Thread 0x0000000002a93800 DEOPT PACKING pc=0x0000000002dc3c48 sp=0x0000000002a8e590
Event: 0.819 Thread 0x0000000002a93800 DEOPT UNPACKING pc=0x0000000002bd7890 sp=0x0000000002a8e2d8 mode 0
Event: 0.821 Thread 0x0000000002a93800 DEOPT PACKING pc=0x0000000002dc3c48 sp=0x0000000002a8e590
Event: 0.821 Thread 0x0000000002a93800 DEOPT UNPACKING pc=0x0000000002bd7890 sp=0x0000000002a8e2d8 mode 0


Dynamic libraries:
0x00007ff6f6ce0000 - 0x00007ff6f6ce7000 	C:\Program Files\Java\jdk1.8.0_181\bin\javac.exe
0x00007ffc84e70000 - 0x00007ffc8505d000 	C:\WINDOWS\SYSTEM32\ntdll.dll
0x00007ffc82ed0000 - 0x00007ffc82f83000 	C:\WINDOWS\System32\KERNEL32.DLL
0x00007ffc81c10000 - 0x00007ffc81ea3000 	C:\WINDOWS\System32\KERNELBASE.dll
0x000000006f8e0000 - 0x000000006f90f000 	C:\Program Files\Java\jdk1.8.0_181\bin\jli.dll
0x000000006f800000 - 0x000000006f8d2000 	C:\Program Files\Java\jdk1.8.0_181\bin\MSVCR100.dll
0x00007ffc835f0000 - 0x00007ffc83693000 	C:\WINDOWS\System32\ADVAPI32.dll
0x00007ffc82cf0000 - 0x00007ffc82d8e000 	C:\WINDOWS\System32\msvcrt.dll
0x00007ffc82410000 - 0x00007ffc824ae000 	C:\WINDOWS\System32\sechost.dll
0x00007ffc836c0000 - 0x00007ffc837e2000 	C:\WINDOWS\System32\RPCRT4.dll
0x00007ffc824b0000 - 0x00007ffc82647000 	C:\WINDOWS\System32\USER32.dll
0x00007ffc81920000 - 0x00007ffc81940000 	C:\WINDOWS\System32\win32u.dll
0x00007ffc82f90000 - 0x00007ffc82fb9000 	C:\WINDOWS\System32\GDI32.dll
0x00007ffc68da0000 - 0x00007ffc69019000 	C:\WINDOWS\WinSxS\amd64_microsoft.windows.common-controls_6595b64144ccf1df_6.0.17763.593_none_05b23db00721f787\COMCTL32.dll
0x00007ffc81f00000 - 0x00007ffc8209a000 	C:\WINDOWS\System32\gdi32full.dll
0x00007ffc81970000 - 0x00007ffc81a10000 	C:\WINDOWS\System32\msvcp_win.dll
0x00007ffc829c0000 - 0x00007ffc82cec000 	C:\WINDOWS\System32\combase.dll
0x00007ffc81b10000 - 0x00007ffc81c0a000 	C:\WINDOWS\System32\ucrtbase.dll
0x00007ffc81a10000 - 0x00007ffc81a8e000 	C:\WINDOWS\System32\bcryptPrimitives.dll
0x00007ffc82380000 - 0x00007ffc823ae000 	C:\WINDOWS\System32\IMM32.DLL
0x00007ffc80d30000 - 0x00007ffc80d6c000 	C:\WINDOWS\system32\SophosAV\SOPHOS~1.DLL
0x00007ffc82d90000 - 0x00007ffc82d98000 	C:\WINDOWS\System32\PSAPI.DLL
0x0000000070bd0000 - 0x0000000070ca2000 	C:\Program Files\Java\jdk1.8.0_181\jre\bin\msvcr100.dll
0x000000006fec0000 - 0x0000000070762000 	C:\Program Files\Java\jdk1.8.0_181\jre\bin\server\jvm.dll
0x00007ffc7a6d0000 - 0x00007ffc7a6f4000 	C:\WINDOWS\SYSTEM32\WINMM.dll
0x00007ffc7b7f0000 - 0x00007ffc7b7f9000 	C:\WINDOWS\SYSTEM32\WSOCK32.dll
0x00007ffc82650000 - 0x00007ffc826bd000 	C:\WINDOWS\System32\WS2_32.dll
0x00007ffc7d5c0000 - 0x00007ffc7d5ca000 	C:\WINDOWS\SYSTEM32\VERSION.dll
0x00007ffc7a620000 - 0x00007ffc7a64d000 	C:\WINDOWS\SYSTEM32\winmmbase.dll
0x00007ffc81eb0000 - 0x00007ffc81efa000 	C:\WINDOWS\System32\cfgmgr32.dll
0x0000000070bc0000 - 0x0000000070bcf000 	C:\Program Files\Java\jdk1.8.0_181\jre\bin\verify.dll
0x0000000070b90000 - 0x0000000070bb9000 	C:\Program Files\Java\jdk1.8.0_181\jre\bin\java.dll
0x0000000070b70000 - 0x0000000070b86000 	C:\Program Files\Java\jdk1.8.0_181\jre\bin\zip.dll
0x00007ffc837f0000 - 0x00007ffc84ce0000 	C:\WINDOWS\System32\SHELL32.dll
0x00007ffc83040000 - 0x00007ffc830e8000 	C:\WINDOWS\System32\shcore.dll
0x00007ffc80f40000 - 0x00007ffc8168a000 	C:\WINDOWS\System32\windows.storage.dll
0x00007ffc80f10000 - 0x00007ffc80f34000 	C:\WINDOWS\System32\profapi.dll
0x00007ffc80eb0000 - 0x00007ffc80f0d000 	C:\WINDOWS\System32\powrprof.dll
0x00007ffc82e70000 - 0x00007ffc82ec2000 	C:\WINDOWS\System32\shlwapi.dll
0x00007ffc80e70000 - 0x00007ffc80e81000 	C:\WINDOWS\System32\kernel.appcore.dll
0x00007ffc81a90000 - 0x00007ffc81aa7000 	C:\WINDOWS\System32\cryptsp.dll

VM Arguments:
jvm_args: -Dapplication.home=C:\Program Files\Java\jdk1.8.0_181 -Xms8m -Dfile.encoding=UTF8 
java_command: com.sun.tools.javac.Main -d obj\Debug\90\android\bin\classes -classpath C:\Program Files (x86)\Microsoft Visual Studio\2019\Community\Common7\IDE\ReferenceAssemblies\Microsoft\Framework\MonoAndroid\v9.0\mono.android.jar;obj\Debug\90\lp\1\jl\formsviewgroup.jar;obj\Debug\90\lp\10\jl\com.android.support.support-annotations.jar;obj\Debug\90\lp\11\jl\bin\classes.jar;obj\Debug\90\lp\12\jl\com.android.support.collections.jar;obj\Debug\90\lp\13\jl\bin\classes.jar;obj\Debug\90\lp\14\jl\bin\classes.jar;obj\Debug\90\lp\15\jl\bin\classes.jar;obj\Debug\90\lp\16\jl\bin\classes.jar;obj\Debug\90\lp\17\jl\bin\classes.jar;obj\Debug\90\lp\18\jl\bin\classes.jar;obj\Debug\90\lp\19\jl\bin\classes.jar;obj\Debug\90\lp\2\jl\android.arch.core.common.jar;obj\Debug\90\lp\20\jl\bin\classes.jar;obj\Debug\90\lp\21\jl\bin\classes.jar;obj\Debug\90\lp\22\jl\bin\classes.jar;obj\Debug\90\lp\23\jl\bin\classes.jar;obj\Debug\90\lp\24\jl\bin\classes.jar;obj\Debug\90\lp\25\jl\bin\classes.jar;obj\Debug\90\lp\26\jl\bin\classes.jar;obj\Debug\90\lp\27\jl\bin\classes.jar;obj\Debug\90\lp\28\jl\bin\classes.jar;obj\Debug\90\lp\29\jl\bin\classes.jar;obj\Debug\90\lp\3\jl\bin\classes.jar;obj\Debug\90\lp\30\jl\bin\classes.jar;obj\Debug\90\lp\31\jl\bin\classes.jar;obj\Debug\90\lp\33\jl\bin\classes.jar;obj\Debug\90\lp\34\jl\bin\classes.jar;obj\Debug\90\lp\35\jl\bin\classes.jar;obj\Debug\90\lp\36\jl\bin\classes.jar;obj\Debug\90\lp\37\jl\bin\classes.jar;obj\Debug\90\lp\38\jl\bin\classes.jar;obj\Debug\90\lp\39\jl\bin\classes.jar;obj\Debug\90\lp\4\jl\android.arch.lifecycle.common.jar;obj\Debug\90\lp\40\jl\bin\classes.jar;obj\Debug\90\lp\5\jl\bin\classes.jar;obj\Debug\90\lp\6\jl\bin\classes.jar;obj\Debug\90\lp\7\jl\bin\classes.jar;obj\Debug\90\lp\8\jl\bin\classes.jar;obj\Debug\90\lp\9\jl\bin\classes.jar -bootclasspath C:\Program Files (x86)\Android\android-sdk\platforms\android-28\android.jar -encoding UTF-8 @C:\Users\mccampos\AppData\Local\Temp\tmpE991.tmp
java_class_path (initial): C:\Program Files\Java\jdk1.8.0_181/lib/tools.jar;C:\Program Files\Java\jdk1.8.0_181/classes
Launcher Type: SUN_STANDARD

Environment Variables:
PATH=C:\Program Files\Java\jdk1.8.0_181\bin;C:\ProgramData\DockerDesktop\version-bin;C:\Program Files\Docker\Docker\Resources\bin;C:\Program Files\Microsoft MPI\Bin\;C:\Program Files (x86)\Common Files\Oracle\Java\javapath;C:\ProgramData\Oracle\Java\javapath;C:\WINDOWS\system32;C:\WINDOWS;C:\WINDOWS\System32\Wbem;C:\WINDOWS\System32\WindowsPowerShell\v1.0\;C:\Program Files\TortoiseSVN\bin;C:\Program Files (x86)\Attachmate\EXTRA!\;C:\Program Files (x86)\Borland\StarTeam SDK 13.0\Lib;C:\Program Files (x86)\Borland\StarTeam SDK 13.0\Bin;C:\Program Files\dotnet\;C:\Program Files (x86)\Microsoft SQL Server\140\Tools\Binn\;C:\Program Files\Microsoft SQL Server\140\Tools\Binn\;C:\Program Files\Microsoft SQL Server\140\DTS\Binn\;C:\Program Files\Microsoft SQL Server\Client SDK\ODBC\130\Tools\Binn\;C:\Program Files (x86)\Microsoft SQL Server\140\DTS\Binn\;C:\Program Files\Microsoft SQL Server\130\Tools\Binn\;C:\Program Files (x86)\Microsoft SQL Server\Client SDK\ODBC\130\Tools\Binn\;C:\Program Files (x86)\Microsoft SQL Server\140\Tools\Binn\ManagementStudio\;C:\php\projetos\php;C:\composer;C:\Program Files\Microsoft SQL Server\Client SDK\ODBC\170\Tools\Binn\;C:\Program Files (x86)\Apache\apache-maven-3.6.1\bin;C:\Program Files\Git\cmd;C:\Users\mccampos\AppData\Roaming\nvm;C:\Program Files\nodejs;%JAVA_HOME%\bin;C:\Program Files (x86)\nodejs\;C:\Program Files (x86)\Git\cmd;C:\WINDOWS\System32\OpenSSH\;C:\Program Files\MySQL\MySQL Shell 8.0\bin\;C:\Users\mccampos\.dotnet\tools;C:\Users\mccampos\AppData\Roaming\nvm;C:\Program Files\nodejs;C:\Users\mccampos\AppData\Local\atom\bin;C:\Users\mccampos\AppData\Roaming\npm;%USERPROFILE%\AppData\Local\Microsoft\WindowsApps;
USERNAME=mccampos
OS=Windows_NT
PROCESSOR_IDENTIFIER=Intel64 Family 6 Model 142 Stepping 9, GenuineIntel



---------------  S Y S T E M  ---------------

OS: Windows 10.0 , 64 bit Build 17763 (10.0.17763.475)

CPU:total 4 (initial active 4) (2 cores per cpu, 2 threads per core) family 6 model 142 stepping 9, cmov, cx8, fxsr, mmx, sse, sse2, sse3, ssse3, sse4.1, sse4.2, popcnt, avx, avx2, aes, clmul, erms, 3dnowpref, lzcnt, ht, tsc, tscinvbit, bmi1, bmi2, adx

Memory: 4k page, physical 12454628k(1893420k free), swap 12454628k(4096k free)

vm_info: Java HotSpot(TM) 64-Bit Server VM (25.181-b13) for windows-amd64 JRE (1.8.0_181-b13), built on Jul  7 2018 04:01:33 by "java_re" with MS VC++ 10.0 (VS2010)

time: Mon Jul 22 14:38:58 2019
elapsed time: 0 seconds (0d 0h 0m 0s)

