#
# There is insufficient memory for the Java Runtime Environment to continue.
# Native memory allocation (malloc) failed to allocate 32744 bytes for ChunkPool::allocate
# Possible reasons:
#   The system is out of physical RAM or swap space
#   In 32 bit mode, the process size limit was hit
# Possible solutions:
#   Reduce memory load on the system
#   Increase physical memory or swap space
#   Check if swap backing store is full
#   Use 64 bit Java on a 64 bit OS
#   Decrease Java heap size (-Xmx/-Xms)
#   Decrease number of Java threads
#   Decrease Java thread stack sizes (-Xss)
#   Set larger code cache with -XX:ReservedCodeCacheSize=
# This output file may be truncated or incomplete.
#
#  Out of Memory Error (allocation.cpp:273), pid=2960, tid=0x0000000000000b94
#
# JRE version: Java(TM) SE Runtime Environment (8.0_181-b13) (build 1.8.0_181-b13)
# Java VM: Java HotSpot(TM) 64-Bit Server VM (25.181-b13 mixed mode windows-amd64 compressed oops)
# Failed to write core dump. Minidumps are not enabled by default on client versions of Windows
#

---------------  T H R E A D  ---------------

Current thread (0x0000000014c42000):  JavaThread "C2 CompilerThread0" daemon [_thread_in_native, id=2964, stack(0x00000000162a0000,0x00000000163a0000)]

Stack: [0x00000000162a0000,0x00000000163a0000]
[error occurred during error reporting (printing stack bounds), id 0xc0000005]

Native frames: (J=compiled Java code, j=interpreted, Vv=VM code, C=native code)


Current CompileTask:
C2:    519  704       4       java.lang.String::indexOf (166 bytes)


---------------  P R O C E S S  ---------------

Java Threads: ( => current thread )
  0x00000000168b9000 JavaThread "pool-2-thread-1" [_thread_blocked, id=11168, stack(0x0000000016e00000,0x0000000016f00000)]
  0x00000000168b8000 JavaThread "pool-1-thread-1" [_thread_in_vm, id=12284, stack(0x0000000016d00000,0x0000000016e00000)]
  0x00000000165c8800 JavaThread "Service Thread" daemon [_thread_blocked, id=13800, stack(0x00000000169a0000,0x0000000016aa0000)]
  0x0000000014c6d800 JavaThread "C1 CompilerThread2" daemon [_thread_in_native, id=10508, stack(0x00000000164a0000,0x00000000165a0000)]
  0x0000000014c4a000 JavaThread "C2 CompilerThread1" daemon [_thread_blocked, id=10648, stack(0x00000000163a0000,0x00000000164a0000)]
=>0x0000000014c42000 JavaThread "C2 CompilerThread0" daemon [_thread_in_native, id=2964, stack(0x00000000162a0000,0x00000000163a0000)]
  0x0000000014c40000 JavaThread "Attach Listener" daemon [_thread_blocked, id=4540, stack(0x00000000161a0000,0x00000000162a0000)]
  0x0000000014c3f000 JavaThread "Signal Dispatcher" daemon [_thread_blocked, id=17180, stack(0x00000000160a0000,0x00000000161a0000)]
  0x000000000256d000 JavaThread "Finalizer" daemon [_thread_blocked, id=15344, stack(0x0000000015e90000,0x0000000015f90000)]
  0x0000000002562800 JavaThread "Reference Handler" daemon [_thread_blocked, id=16952, stack(0x0000000015d90000,0x0000000015e90000)]
  0x0000000002472800 JavaThread "main" [_thread_in_vm, id=16204, stack(0x0000000002370000,0x0000000002470000)]

Other Threads:
  0x0000000014c08800 VMThread [stack: 0x0000000015c90000,0x0000000015d90000] [id=15512]
  0x00000000165d1800 WatcherThread [stack: 0x0000000016c00000,0x0000000016d00000] [id=16772]

VM state:not at safepoint (normal execution)

VM Mutex/Monitor currently owned by a thread:  ([mutex/lock_event])
[0x0000000002471fd0] MethodData_lock - owner thread: 0x00000000168b8000

Heap:
 PSYoungGen      total 57344K, used 16715K [0x00000000eab00000, 0x00000000eeb00000, 0x0000000100000000)
  eden space 49152K, 34% used [0x00000000eab00000,0x00000000ebb52d08,0x00000000edb00000)
  from space 8192K, 0% used [0x00000000ee300000,0x00000000ee300000,0x00000000eeb00000)
  to   space 8192K, 0% used [0x00000000edb00000,0x00000000edb00000,0x00000000ee300000)
 ParOldGen       total 131072K, used 0K [0x00000000c0000000, 0x00000000c8000000, 0x00000000eab00000)
  object space 131072K, 0% used [0x00000000c0000000,0x00000000c0000000,0x00000000c8000000)
 Metaspace       used 5805K, capacity 6680K, committed 6912K, reserved 1056768K
  class space    used 607K, capacity 656K, committed 768K, reserved 1048576K

Card table byte_map: [0x0000000011930000,0x0000000011b40000] byte_map_base: 0x0000000011330000

Marking Bits: (ParMarkBitMap*) 0x00000000706e2d00
 Begin Bits: [0x00000000120a0000, 0x00000000130a0000)
 End Bits:   [0x00000000130a0000, 0x00000000140a0000)

Polling page: 0x00000000022d0000

CodeCache: size=245760Kb used=2587Kb max_used=2598Kb free=243172Kb
 bounds [0x0000000002570000, 0x0000000002800000, 0x0000000011570000]
 total_blobs=956 nmethods=683 adapters=186
 compilation: enabled

Compilation events (10 events):
Event: 0.493 Thread 0x0000000014c6d800  679   !   3       com.android.dx.cf.direct.AttributeFactory::parse (248 bytes)
Event: 0.497 Thread 0x0000000014c6d800 nmethod 679 0x00000000027f0e90 code [0x00000000027f1480, 0x00000000027f52e8]
Event: 0.497 Thread 0x0000000014c6d800  687       3       com.android.dx.ssa.SsaBasicBlock::getRopLabelSuccessorList (57 bytes)
Event: 0.498 Thread 0x0000000014c6d800 nmethod 687 0x00000000027f81d0 code [0x00000000027f83c0, 0x00000000027f8ea8]
Event: 0.498 Thread 0x0000000014c6d800  683   !   3       com.android.dx.cf.code.BytecodeArray::parseInstruction (2796 bytes)
Event: 0.504 Thread 0x0000000014c4a000  701       4       com.android.dx.rop.type.Type::hashCode (8 bytes)
Event: 0.505 Thread 0x0000000014c42000  702       4       java.util.BitSet::recalculateWordsInUse (39 bytes)
Event: 0.507 Thread 0x0000000014c42000 nmethod 702 0x00000000027edfd0 code [0x00000000027ee100, 0x00000000027ee1b8]
Event: 0.507 Thread 0x0000000014c4a000 nmethod 701 0x00000000027edc10 code [0x00000000027edd40, 0x00000000027edeb8]
Event: 0.508 Thread 0x0000000014c42000  704       4       java.lang.String::indexOf (166 bytes)

GC Heap History (0 events):
No events

Deoptimization events (1 events):
Event: 0.497 Thread 0x0000000002472800 Uncommon trap: reason=unstable_if action=reinterpret pc=0x00000000026e4748 method=java.lang.String.startsWith(Ljava/lang/String;I)Z @ 25

Classes redefined (0 events):
No events

Internal exceptions (3 events):
Event: 0.041 Thread 0x0000000002472800 Exception <a 'java/lang/NoSuchMethodError': Method sun.misc.Unsafe.defineClass(Ljava/lang/String;[BII)Ljava/lang/Class; name or signature does not match> (0x00000000eab07cb0) thrown at [C:\re\workspace\8-2-build-windows-amd64-cygwin\jdk8u181\11358\hotspot
Event: 0.041 Thread 0x0000000002472800 Exception <a 'java/lang/NoSuchMethodError': Method sun.misc.Unsafe.prefetchRead(Ljava/lang/Object;J)V name or signature does not match> (0x00000000eab07f98) thrown at [C:\re\workspace\8-2-build-windows-amd64-cygwin\jdk8u181\11358\hotspot\src\share\vm\prim
Event: 0.102 Thread 0x0000000002472800 Exception <a 'java/io/FileNotFoundException'> (0x00000000eab56588) thrown at [C:\re\workspace\8-2-build-windows-amd64-cygwin\jdk8u181\11358\hotspot\src\share\vm\prims\jni.cpp, line 709]

Events (10 events):
Event: 0.502 loading class com/android/dx/rop/cst/CstArray$List
Event: 0.502 loading class com/android/dx/rop/cst/CstArray$List done
Event: 0.503 loading class com/android/dx/rop/annotation/NameValuePair
Event: 0.503 loading class com/android/dx/rop/annotation/NameValuePair done
Event: 0.503 loading class com/android/dx/dex/file/FieldAnnotationStruct
Event: 0.503 loading class com/android/dx/dex/file/FieldAnnotationStruct done
Event: 0.504 loading class com/android/dx/dex/file/AnnotationItem
Event: 0.504 loading class com/android/dx/dex/file/AnnotationItem done
Event: 0.508 loading class com/android/dx/dex/file/AnnotationItem$TypeIdSorter
Event: 0.508 loading class com/android/dx/dex/file/AnnotationItem$TypeIdSorter done


Dynamic libraries:
0x00007ff767f30000 - 0x00007ff767f67000 	C:\Program Files\Java\jdk1.8.0_181\bin\java.exe
0x00007ffc84e70000 - 0x00007ffc8505d000 	C:\WINDOWS\SYSTEM32\ntdll.dll
0x00007ffc82ed0000 - 0x00007ffc82f83000 	C:\WINDOWS\System32\KERNEL32.DLL
0x00007ffc81c10000 - 0x00007ffc81ea3000 	C:\WINDOWS\System32\KERNELBASE.dll
0x00007ffc835f0000 - 0x00007ffc83693000 	C:\WINDOWS\System32\ADVAPI32.dll
0x00007ffc82cf0000 - 0x00007ffc82d8e000 	C:\WINDOWS\System32\msvcrt.dll
0x00007ffc82410000 - 0x00007ffc824ae000 	C:\WINDOWS\System32\sechost.dll
0x00007ffc836c0000 - 0x00007ffc837e2000 	C:\WINDOWS\System32\RPCRT4.dll
0x00007ffc824b0000 - 0x00007ffc82647000 	C:\WINDOWS\System32\USER32.dll
0x00007ffc81920000 - 0x00007ffc81940000 	C:\WINDOWS\System32\win32u.dll
0x00007ffc82f90000 - 0x00007ffc82fb9000 	C:\WINDOWS\System32\GDI32.dll
0x00007ffc81f00000 - 0x00007ffc8209a000 	C:\WINDOWS\System32\gdi32full.dll
0x00007ffc81970000 - 0x00007ffc81a10000 	C:\WINDOWS\System32\msvcp_win.dll
0x00007ffc81b10000 - 0x00007ffc81c0a000 	C:\WINDOWS\System32\ucrtbase.dll
0x00007ffc68da0000 - 0x00007ffc69019000 	C:\WINDOWS\WinSxS\amd64_microsoft.windows.common-controls_6595b64144ccf1df_6.0.17763.593_none_05b23db00721f787\COMCTL32.dll
0x00007ffc829c0000 - 0x00007ffc82cec000 	C:\WINDOWS\System32\combase.dll
0x00007ffc81a10000 - 0x00007ffc81a8e000 	C:\WINDOWS\System32\bcryptPrimitives.dll
0x00007ffc82380000 - 0x00007ffc823ae000 	C:\WINDOWS\System32\IMM32.DLL
0x00007ffc80d30000 - 0x00007ffc80d6c000 	C:\WINDOWS\system32\SophosAV\SOPHOS~1.DLL
0x00007ffc82d90000 - 0x00007ffc82d98000 	C:\WINDOWS\System32\PSAPI.DLL
0x0000000070bd0000 - 0x0000000070ca2000 	C:\Program Files\Java\jdk1.8.0_181\jre\bin\msvcr100.dll
0x000000006fec0000 - 0x0000000070762000 	C:\Program Files\Java\jdk1.8.0_181\jre\bin\server\jvm.dll
0x00007ffc7a6d0000 - 0x00007ffc7a6f4000 	C:\WINDOWS\SYSTEM32\WINMM.dll
0x00007ffc7b7f0000 - 0x00007ffc7b7f9000 	C:\WINDOWS\SYSTEM32\WSOCK32.dll
0x00007ffc82650000 - 0x00007ffc826bd000 	C:\WINDOWS\System32\WS2_32.dll
0x00007ffc7d5c0000 - 0x00007ffc7d5ca000 	C:\WINDOWS\SYSTEM32\VERSION.dll
0x00007ffc7a620000 - 0x00007ffc7a64d000 	C:\WINDOWS\SYSTEM32\WINMMBASE.dll
0x00007ffc81eb0000 - 0x00007ffc81efa000 	C:\WINDOWS\System32\cfgmgr32.dll
0x0000000070bc0000 - 0x0000000070bcf000 	C:\Program Files\Java\jdk1.8.0_181\jre\bin\verify.dll
0x0000000070b90000 - 0x0000000070bb9000 	C:\Program Files\Java\jdk1.8.0_181\jre\bin\java.dll
0x0000000070b70000 - 0x0000000070b86000 	C:\Program Files\Java\jdk1.8.0_181\jre\bin\zip.dll
0x00007ffc837f0000 - 0x00007ffc84ce0000 	C:\WINDOWS\System32\SHELL32.dll
0x00007ffc83040000 - 0x00007ffc830e8000 	C:\WINDOWS\System32\shcore.dll
0x00007ffc80f40000 - 0x00007ffc8168a000 	C:\WINDOWS\System32\windows.storage.dll
0x00007ffc80f10000 - 0x00007ffc80f34000 	C:\WINDOWS\System32\profapi.dll
0x00007ffc80eb0000 - 0x00007ffc80f0d000 	C:\WINDOWS\System32\powrprof.dll
0x00007ffc82e70000 - 0x00007ffc82ec2000 	C:\WINDOWS\System32\shlwapi.dll
0x00007ffc80e70000 - 0x00007ffc80e81000 	C:\WINDOWS\System32\kernel.appcore.dll
0x00007ffc81a90000 - 0x00007ffc81aa7000 	C:\WINDOWS\System32\cryptsp.dll

VM Arguments:
jvm_args: -Dfile.encoding=UTF8 -Xmx1G 
java_command: C:\Program Files (x86)\Android\android-sdk\build-tools\28.0.3\\lib\dx.jar --dex --no-strict --input-list=C:\Users\mccampos\AppData\Local\Temp\tmp2BEF.tmp --output obj\Debug\90\android\bin
java_class_path (initial): C:\Program Files (x86)\Android\android-sdk\build-tools\28.0.3\\lib\dx.jar
Launcher Type: SUN_STANDARD

Environment Variables:
PATH=C:\Program Files\Java\jdk1.8.0_181\bin;C:\ProgramData\DockerDesktop\version-bin;C:\Program Files\Docker\Docker\Resources\bin;C:\Program Files\Microsoft MPI\Bin\;C:\Program Files (x86)\Common Files\Oracle\Java\javapath;C:\ProgramData\Oracle\Java\javapath;C:\WINDOWS\system32;C:\WINDOWS;C:\WINDOWS\System32\Wbem;C:\WINDOWS\System32\WindowsPowerShell\v1.0\;C:\Program Files\TortoiseSVN\bin;C:\Program Files (x86)\Attachmate\EXTRA!\;C:\Program Files (x86)\Borland\StarTeam SDK 13.0\Lib;C:\Program Files (x86)\Borland\StarTeam SDK 13.0\Bin;C:\Program Files\dotnet\;C:\Program Files (x86)\Microsoft SQL Server\140\Tools\Binn\;C:\Program Files\Microsoft SQL Server\140\Tools\Binn\;C:\Program Files\Microsoft SQL Server\140\DTS\Binn\;C:\Program Files\Microsoft SQL Server\Client SDK\ODBC\130\Tools\Binn\;C:\Program Files (x86)\Microsoft SQL Server\140\DTS\Binn\;C:\Program Files\Microsoft SQL Server\130\Tools\Binn\;C:\Program Files (x86)\Microsoft SQL Server\Client SDK\ODBC\130\Tools\Binn\;C:\Program Files (x86)\Microsoft SQL Server\140\Tools\Binn\ManagementStudio\;C:\php\projetos\php;C:\composer;C:\Program Files\Microsoft SQL Server\Client SDK\ODBC\170\Tools\Binn\;C:\Program Files (x86)\Apache\apache-maven-3.6.1\bin;C:\Program Files\Git\cmd;C:\Users\mccampos\AppData\Roaming\nvm;C:\Program Files\nodejs;%JAVA_HOME%\bin;C:\Program Files (x86)\nodejs\;C:\Program Files (x86)\Git\cmd;C:\WINDOWS\System32\OpenSSH\;C:\Program Files\MySQL\MySQL Shell 8.0\bin\;C:\Users\mccampos\.dotnet\tools;C:\Users\mccampos\AppData\Roaming\nvm;C:\Program Files\nodejs;C:\Users\mccampos\AppData\Local\atom\bin;C:\Users\mccampos\AppData\Roaming\npm;%USERPROFILE%\AppData\Local\Microsoft\WindowsApps;
USERNAME=mccampos
OS=Windows_NT
PROCESSOR_IDENTIFIER=Intel64 Family 6 Model 142 Stepping 9, GenuineIntel



---------------  S Y S T E M  ---------------

OS: Windows 10.0 , 64 bit Build 17763 (10.0.17763.475)

CPU:total 4 (initial active 4) (2 cores per cpu, 2 threads per core) family 6 model 142 stepping 9, cmov, cx8, fxsr, mmx, sse, sse2, sse3, ssse3, sse4.1, sse4.2, popcnt, avx, avx2, aes, clmul, erms, 3dnowpref, lzcnt, ht, tsc, tscinvbit, bmi1, bmi2, adx

Memory: 4k page, physical 12454628k(1994988k free), swap 12454628k(5120k free)

vm_info: Java HotSpot(TM) 64-Bit Server VM (25.181-b13) for windows-amd64 JRE (1.8.0_181-b13), built on Jul  7 2018 04:01:33 by "java_re" with MS VC++ 10.0 (VS2010)

time: Mon Jul 22 14:41:26 2019
elapsed time: 0 seconds (0d 0h 0m 0s)

