JvmtiExport can_access_local_variables 0
JvmtiExport can_hotswap_or_post_breakpoint 0
JvmtiExport can_post_on_exceptions 0
# 102 ciObject found
ciMethod java/lang/String indexOf ([CII[CIII)I 897 32809 775 0 -1
ciMethodData java/lang/String indexOf ([CII[CIII)I 2 28729 orig 264 88 115 74 112 0 0 0 0 152 87 42 20 0 0 0 0 56 3 0 0 120 0 0 0 0 0 0 0 0 0 0 0 0 0 0 0 0 0 0 0 0 0 0 0 0 0 0 0 0 0 0 0 0 0 0 0 0 0 0 0 0 0 0 0 0 0 0 0 0 0 0 0 0 0 0 0 0 0 0 0 77 68 79 32 101 120 116 114 97 32 100 97 116 97 32 108 111 99 107 0 0 0 0 0 0 0 0 0 0 0 0 0 0 0 0 0 0 0 0 0 0 0 0 0 0 0 0 0 0 0 0 0 0 0 0 0 0 0 0 0 0 0 0 0 0 0 0 0 0 0 0 0 0 0 0 0 0 0 0 0 0 0 0 0 0 0 0 0 0 0 0 0 0 0 0 0 0 0 0 0 0 0 0 0 0 0 0 0 0 0 0 0 0 0 0 0 0 0 0 0 0 0 0 0 0 0 0 0 0 0 0 0 0 0 0 0 5 16 0 0 193 20 0 0 161 1 3 0 0 0 0 0 0 0 0 0 2 0 0 0 3 0 35 0 2 0 0 0 224 1 0 0 255 255 255 255 7 0 3 0 0 0 0 0 data 60 0x30007 0x298 0x58 0x0 0x80007 0x0 0x38 0x0 0xc0003 0x0 0x18 0x130007 0x298 0x20 0x0 0x1b0007 0x298 0x20 0x0 0x390007 0x298 0x148 0x11dc 0x420007 0x298 0x78 0xf44 0x4c0007 0x298 0x58 0x5b04 0x550007 0xcac 0x38 0x4e58 0x580003 0x4e58 0xffffffffffffffc0 0x5f0007 0x298 0x98 0xf44 0x7b0007 0x0 0x58 0xf44 0x860007 0xf44 0x38 0x0 0x8f0003 0x0 0xffffffffffffffc0 0x960007 0xf44 0x20 0x0 0xa10003 0x11dc 0xfffffffffffffed0 oops 0
instanceKlass com/android/dx/dex/file/FieldAnnotationStruct
instanceKlass com/android/dx/rop/annotation/NameValuePair
instanceKlass com/android/dx/dex/file/AnnotationUtils
instanceKlass com/android/dx/dex/code/DalvCode
instanceKlass com/android/dx/dex/code/StdCatchBuilder
instanceKlass com/android/dx/dex/code/RopToDop
instanceKlass com/android/dx/dex/code/OutputFinisher
instanceKlass com/android/dx/dex/code/OutputCollector
instanceKlass com/android/dx/rop/code/Insn$BaseVisitor
instanceKlass com/android/dx/io/Opcodes
instanceKlass com/android/dx/dex/code/InsnFormat
instanceKlass com/android/dx/dex/code/Dop
instanceKlass com/android/dx/dex/code/Dops
instanceKlass com/android/dx/dex/code/BlockAddresses
